Line 59: Class TabDlg.SSTab of control SSTab was not a loaded control class.
Line 3094: Class MSComDlg.CommonDialog of control CommonDialog was not a loaded control class.
Line 65: The property name _ExtentX in SSTab is invalid.
Line 66: The property name _ExtentY in SSTab is invalid.
Line 67: The property name _Version in SSTab is invalid.
Line 68: The property name Style in SSTab is invalid.
Line 69: The property name Tabs in SSTab is invalid.
Line 70: The property name Tab in SSTab is invalid.
Line 71: The property name TabsPerRow in SSTab is invalid.
Line 72: The property name TabHeight in SSTab is invalid.
Line 82: The property name TabCaption(0) in SSTab is invalid.
Line 83: The property name TabPicture(0) in SSTab is invalid.
Line 84: The property name Tab(0).ControlEnabled in SSTab is invalid.
Line 85: The property name Tab(0).Control(0) in SSTab is invalid.
Line 86: The property name Tab(0).Control(1) in SSTab is invalid.
Line 87: The property name Tab(0).Control(2) in SSTab is invalid.
Line 88: The property name Tab(0).ControlCount in SSTab is invalid.
Line 89: The property name TabCaption(1) in SSTab is invalid.
Line 90: The property name TabPicture(1) in SSTab is invalid.
Line 91: The property name Tab(1).ControlEnabled in SSTab is invalid.
Line 92: The property name Tab(1).Control(0) in SSTab is invalid.
Line 93: The property name Tab(1).Control(0).Enabled in SSTab is invalid.
Line 94: The property name Tab(1).Control(1) in SSTab is invalid.
Line 95: The property name Tab(1).Control(1).Enabled in SSTab is invalid.
Line 96: The property name Tab(1).Control(2) in SSTab is invalid.
Line 97: The property name Tab(1).Control(2).Enabled in SSTab is invalid.
Line 98: The property name Tab(1).Control(3) in SSTab is invalid.
Line 99: The property name Tab(1).Control(3).Enabled in SSTab is invalid.
Line 100: The property name Tab(1).Control(4) in SSTab is invalid.
Line 101: The property name Tab(1).Control(4).Enabled in SSTab is invalid.
Line 102: The property name Tab(1).ControlCount in SSTab is invalid.
Line 103: The property name TabCaption(2) in SSTab is invalid.
Line 104: The property name TabPicture(2) in SSTab is invalid.
Line 105: The property name Tab(2).ControlEnabled in SSTab is invalid.
Line 106: The property name Tab(2).Control(0) in SSTab is invalid.
Line 107: The property name Tab(2).ControlCount in SSTab is invalid.
Line 108: The property name TabCaption(3) in SSTab is invalid.
Line 109: The property name TabPicture(3) in SSTab is invalid.
Line 110: The property name Tab(3).ControlEnabled in SSTab is invalid.
Line 111: The property name Tab(3).Control(0) in SSTab is invalid.
Line 112: The property name Tab(3).Control(1) in SSTab is invalid.
Line 113: The property name Tab(3).Control(2) in SSTab is invalid.
Line 114: The property name Tab(3).ControlCount in SSTab is invalid.
Line 115: The property name TabCaption(4) in SSTab is invalid.
Line 116: The property name TabPicture(4) in SSTab is invalid.
Line 117: The property name Tab(4).ControlEnabled in SSTab is invalid.
Line 118: The property name Tab(4).Control(0) in SSTab is invalid.
Line 119: The property name Tab(4).Control(1) in SSTab is invalid.
Line 120: The property name Tab(4).Control(2) in SSTab is invalid.
Line 121: The property name Tab(4).ControlCount in SSTab is invalid.
Line 122: The property name TabCaption(5) in SSTab is invalid.
Line 123: The property name TabPicture(5) in SSTab is invalid.
Line 124: The property name Tab(5).ControlEnabled in SSTab is invalid.
Line 125: The property name Tab(5).Control(0) in SSTab is invalid.
Line 126: The property name Tab(5).Control(1) in SSTab is invalid.
Line 127: The property name Tab(5).ControlCount in SSTab is invalid.
Line 128: The property name TabCaption(6) in SSTab is invalid.
Line 129: The property name TabPicture(6) in SSTab is invalid.
Line 130: The property name Tab(6).ControlEnabled in SSTab is invalid.
Line 131: The property name Tab(6).Control(0) in SSTab is invalid.
Line 132: The property name Tab(6).ControlCount in SSTab is invalid.
Line 133: The property name TabCaption(7) in SSTab is invalid.
Line 134: The property name TabPicture(7) in SSTab is invalid.
Line 135: The property name Tab(7).ControlEnabled in SSTab is invalid.
Line 136: The property name Tab(7).Control(0) in SSTab is invalid.
Line 137: The property name Tab(7).ControlCount in SSTab is invalid.
Line 65: The property name _ExtentX in SSTab is invalid.
Line 66: The property name _ExtentY in SSTab is invalid.
Line 67: The property name _Version in SSTab is invalid.
Line 68: The property name Style in SSTab is invalid.
Line 69: The property name Tabs in SSTab is invalid.
Line 70: The property name Tab in SSTab is invalid.
Line 71: The property name TabsPerRow in SSTab is invalid.
Line 72: The property name TabHeight in SSTab is invalid.
Line 82: The property name TabCaption(0) in SSTab is invalid.
Line 83: The property name TabPicture(0) in SSTab is invalid.
Line 84: The property name Tab(0).ControlEnabled in SSTab is invalid.
Line 85: The property name Tab(0).Control(0) in SSTab is invalid.
Line 86: The property name Tab(0).Control(1) in SSTab is invalid.
Line 87: The property name Tab(0).Control(2) in SSTab is invalid.
Line 88: The property name Tab(0).ControlCount in SSTab is invalid.
Line 89: The property name TabCaption(1) in SSTab is invalid.
Line 90: The property name TabPicture(1) in SSTab is invalid.
Line 91: The property name Tab(1).ControlEnabled in SSTab is invalid.
Line 92: The property name Tab(1).Control(0) in SSTab is invalid.
Line 93: The property name Tab(1).Control(0).Enabled in SSTab is invalid.
Line 94: The property name Tab(1).Control(1) in SSTab is invalid.
Line 95: The property name Tab(1).Control(1).Enabled in SSTab is invalid.
Line 96: The property name Tab(1).Control(2) in SSTab is invalid.
Line 97: The property name Tab(1).Control(2).Enabled in SSTab is invalid.
Line 98: The property name Tab(1).Control(3) in SSTab is invalid.
Line 99: The property name Tab(1).Control(3).Enabled in SSTab is invalid.
Line 100: The property name Tab(1).Control(4) in SSTab is invalid.
Line 101: The property name Tab(1).Control(4).Enabled in SSTab is invalid.
Line 102: The property name Tab(1).ControlCount in SSTab is invalid.
Line 103: The property name TabCaption(2) in SSTab is invalid.
Line 104: The property name TabPicture(2) in SSTab is invalid.
Line 105: The property name Tab(2).ControlEnabled in SSTab is invalid.
Line 106: The property name Tab(2).Control(0) in SSTab is invalid.
Line 107: The property name Tab(2).ControlCount in SSTab is invalid.
Line 108: The property name TabCaption(3) in SSTab is invalid.
Line 109: The property name TabPicture(3) in SSTab is invalid.
Line 110: The property name Tab(3).ControlEnabled in SSTab is invalid.
Line 111: The property name Tab(3).Control(0) in SSTab is invalid.
Line 112: The property name Tab(3).Control(1) in SSTab is invalid.
Line 113: The property name Tab(3).Control(2) in SSTab is invalid.
Line 114: The property name Tab(3).ControlCount in SSTab is invalid.
Line 115: The property name TabCaption(4) in SSTab is invalid.
Line 116: The property name TabPicture(4) in SSTab is invalid.
Line 117: The property name Tab(4).ControlEnabled in SSTab is invalid.
Line 118: The property name Tab(4).Control(0) in SSTab is invalid.
Line 119: The property name Tab(4).Control(1) in SSTab is invalid.
Line 120: The property name Tab(4).Control(2) in SSTab is invalid.
Line 121: The property name Tab(4).ControlCount in SSTab is invalid.
Line 122: The property name TabCaption(5) in SSTab is invalid.
Line 123: The property name TabPicture(5) in SSTab is invalid.
Line 124: The property name Tab(5).ControlEnabled in SSTab is invalid.
Line 125: The property name Tab(5).Control(0) in SSTab is invalid.
Line 126: The property name Tab(5).Control(1) in SSTab is invalid.
Line 127: The property name Tab(5).ControlCount in SSTab is invalid.
Line 128: The property name TabCaption(6) in SSTab is invalid.
Line 129: The property name TabPicture(6) in SSTab is invalid.
Line 130: The property name Tab(6).ControlEnabled in SSTab is invalid.
Line 131: The property name Tab(6).Control(0) in SSTab is invalid.
Line 132: The property name Tab(6).ControlCount in SSTab is invalid.
Line 133: The property name TabCaption(7) in SSTab is invalid.
Line 134: The property name TabPicture(7) in SSTab is invalid.
Line 135: The property name Tab(7).ControlEnabled in SSTab is invalid.
Line 136: The property name Tab(7).Control(0) in SSTab is invalid.
Line 137: The property name Tab(7).ControlCount in SSTab is invalid.
