Microsoft HTML Help Compiler 4.74.8702

Compiling c:\Bhenry\Projects\Bitwise\QuickUSB\Library\Software\QuickUsbDiagFx2DevKit\QuickUsbDiagFx2DevKit.chm

Welcome.htm
High-Speed Parallel Port.htm
IO Ports.htm
RS232 ports.htm
I2C Port.htm
About QuickUSB.htm
Diagnostics.htm
Image4.gif
Image5.gif
Image8.gif
Image9.gif
Image6.gif
Image7.gif

Compile time: 0 minutes, 2 seconds
7	Topics
7	Local links
1	Internet link
6	Graphics


Created c:\Bhenry\Projects\Bitwise\QuickUSB\Library\Software\QuickUsbDiagFx2DevKit\QuickUsbDiagFx2DevKit.chm, 172,007 bytes
Compression increased file by 1,534 bytes.
